[2018-09-26 08:01:47.040] [sharedprocess] [info] main {"machineId":"f391cf1e128c7a12d3142ae132058c63ccf9378c9f15b95c65e7378ea4f5de92"}
[2018-09-26 08:01:49.027] [sharedprocess] [info] Scanned user extensions: 32
[2018-09-26 08:01:49.258] [sharedprocess] [info] Scanned user extensions: 32
[2018-09-26 08:01:49.285] [sharedprocess] [info] Scanned user extensions: 32
[2018-09-26 08:01:49.319] [sharedprocess] [info] Scanned system extensions: 71
[2018-09-26 08:01:49.344] [sharedprocess] [info] Scanned system extensions: 71
[2018-09-26 08:01:53.462] [sharedprocess] [info] Installing extension: vsliveshare
[2018-09-26 08:01:53.513] [sharedprocess] [info] Scanned user extensions: 32
[2018-09-26 08:01:53.534] [sharedprocess] [info] Scanned user extensions: 32
[2018-09-26 08:02:00.726] [sharedprocess] [info] Downloaded extension: vsliveshare /tmp/90ded3b6-1d76-4ee4-b22b-d4558c18e61c
[2018-09-26 08:02:18.737] [sharedprocess] [info] Extracted extension to /home/jfvilladiego/.vscode/extensions/.ms-vsliveshare.vsliveshare-0.3.735: ms-vsliveshare.vsliveshare-0.3.735
[2018-09-26 08:02:18.738] [sharedprocess] [info] Renamed to /home/jfvilladiego/.vscode/extensions/ms-vsliveshare.vsliveshare-0.3.735
[2018-09-26 08:02:18.738] [sharedprocess] [info] Installation completed. ms-vsliveshare.vsliveshare-0.3.735
[2018-09-26 08:02:27.047] [sharedprocess] [info] Starting to clean up unused language packs.
[2018-09-26 08:02:52.261] [sharedprocess] [info] Extensions installed successfully: ms-vsliveshare.vsliveshare
[2018-09-26 08:02:52.409] [sharedprocess] [info] Scanned user extensions: 32
[2018-09-26 08:02:52.741] [sharedprocess] [info] Scanned system extensions: 71
[2018-09-26 08:06:55.674] [sharedprocess] [info] Scanned user extensions: 32
[2018-09-26 08:11:55.907] [sharedprocess] [info] Scanned user extensions: 32
[2018-09-26 08:16:55.995] [sharedprocess] [info] Scanned user extensions: 32
[2018-09-26 08:21:56.039] [sharedprocess] [info] Scanned user extensions: 32
[2018-09-26 08:25:46.387] [sharedprocess] [info] Scanned user extensions: 32
[2018-09-26 08:25:47.775] [sharedprocess] [info] Scanned user extensions: 32
[2018-09-26 08:25:47.779] [sharedprocess] [info] Scanned user extensions: 32
[2018-09-26 08:25:47.781] [sharedprocess] [info] Scanned user extensions: 32
[2018-09-26 08:25:48.991] [sharedprocess] [info] Scanned system extensions: 71
[2018-09-26 08:25:48.998] [sharedprocess] [info] Scanned system extensions: 71
[2018-09-26 08:25:49.004] [sharedprocess] [info] Scanned system extensions: 71
[2018-09-26 08:26:00.524] [sharedprocess] [info] Scanned user extensions: 32
[2018-09-26 08:26:00.529] [sharedprocess] [info] Scanned user extensions: 32
[2018-09-26 08:26:00.535] [sharedprocess] [info] Scanned user extensions: 32
[2018-09-26 08:26:00.572] [sharedprocess] [info] Scanned system extensions: 71
[2018-09-26 08:26:00.579] [sharedprocess] [info] Scanned system extensions: 71
[2018-09-26 08:26:00.586] [sharedprocess] [info] Scanned system extensions: 71
[2018-09-26 08:26:56.090] [sharedprocess] [info] Scanned user extensions: 32
[2018-09-26 08:31:56.131] [sharedprocess] [info] Scanned user extensions: 32
[2018-09-26 08:36:56.172] [sharedprocess] [info] Scanned user extensions: 32
[2018-09-26 08:41:56.233] [sharedprocess] [info] Scanned user extensions: 32
[2018-09-26 08:46:56.272] [sharedprocess] [info] Scanned user extensions: 32
[2018-09-26 08:51:56.546] [sharedprocess] [info] Scanned user extensions: 32
[2018-09-26 08:56:56.588] [sharedprocess] [info] Scanned user extensions: 32
[2018-09-26 09:01:56.881] [sharedprocess] [info] Scanned user extensions: 32
[2018-09-26 09:06:56.925] [sharedprocess] [info] Scanned user extensions: 32
[2018-09-26 09:11:56.973] [sharedprocess] [info] Scanned user extensions: 32
[2018-09-26 09:16:57.101] [sharedprocess] [info] Scanned user extensions: 32
[2018-09-26 09:21:57.152] [sharedprocess] [info] Scanned user extensions: 32
[2018-09-26 09:26:57.199] [sharedprocess] [info] Scanned user extensions: 32
[2018-09-26 09:31:57.244] [sharedprocess] [info] Scanned user extensions: 32
[2018-09-26 09:36:57.287] [sharedprocess] [info] Scanned user extensions: 32
[2018-09-26 09:41:57.358] [sharedprocess] [info] Scanned user extensions: 32
