[Info  - 2:51:25 p. m.] 55 files total
[Info  - 2:51:26 p. m.] Indexing project for definitions and static references
Parsing file:///home/jfvilladiego/proyectos_laravel/red-social/config/broadcasting.php
Parsing file:///home/jfvilladiego/proyectos_laravel/red-social/config/queue.php
Parsing file:///home/jfvilladiego/proyectos_laravel/red-social/config/session.php
Parsing file:///home/jfvilladiego/proyectos_laravel/red-social/config/database.php
Parsing file:///home/jfvilladiego/proyectos_laravel/red-social/config/filesystems.php
Parsing file:///home/jfvilladiego/proyectos_laravel/red-social/config/logging.php
Parsing file:///home/jfvilladiego/proyectos_laravel/red-social/config/hashing.php
Parsing file:///home/jfvilladiego/proyectos_laravel/red-social/config/auth.php
Parsing file:///home/jfvilladiego/proyectos_laravel/red-social/config/app.php
Parsing file:///home/jfvilladiego/proyectos_laravel/red-social/config/services.php
Parsing file:///home/jfvilladiego/proyectos_laravel/red-social/config/mail.php
Parsing file:///home/jfvilladiego/proyectos_laravel/red-social/config/cache.php
Parsing file:///home/jfvilladiego/proyectos_laravel/red-social/config/view.php
Parsing file:///home/jfvilladiego/proyectos_laravel/red-social/app/Http/Kernel.php
Parsing file:///home/jfvilladiego/proyectos_laravel/red-social/app/Http/Middleware/CheckForMaintenanceMode.php
Parsing file:///home/jfvilladiego/proyectos_laravel/red-social/app/Http/Middleware/EncryptCookies.php
Parsing file:///home/jfvilladiego/proyectos_laravel/red-social/app/Http/Middleware/VerifyCsrfToken.php
Parsing file:///home/jfvilladiego/proyectos_laravel/red-social/app/Http/Middleware/RedirectIfAuthenticated.php
Parsing file:///home/jfvilladiego/proyectos_laravel/red-social/app/Http/Middleware/TrimStrings.php
Parsing file:///home/jfvilladiego/proyectos_laravel/red-social/app/Http/Middleware/TrustProxies.php
Parsing file:///home/jfvilladiego/proyectos_laravel/red-social/app/Http/Middleware/Authenticate.php
Parsing file:///home/jfvilladiego/proyectos_laravel/red-social/app/Http/Controllers/Auth/ResetPasswordController.php
Parsing file:///home/jfvilladiego/proyectos_laravel/red-social/app/Http/Controllers/Auth/VerificationController.php
Parsing file:///home/jfvilladiego/proyectos_laravel/red-social/app/Http/Controllers/Auth/RegisterController.php
Parsing file:///home/jfvilladiego/proyectos_laravel/red-social/app/Http/Controllers/Auth/ForgotPasswordController.php
Parsing file:///home/jfvilladiego/proyectos_laravel/red-social/app/Http/Controllers/Auth/LoginController.php
Parsing file:///home/jfvilladiego/proyectos_laravel/red-social/app/Http/Controllers/Controller.php
Parsing file:///home/jfvilladiego/proyectos_laravel/red-social/app/Providers/AuthServiceProvider.php
Parsing file:///home/jfvilladiego/proyectos_laravel/red-social/app/Providers/BroadcastServiceProvider.php
Parsing file:///home/jfvilladiego/proyectos_laravel/red-social/app/Providers/EventServiceProvider.php
Parsing file:///home/jfvilladiego/proyectos_laravel/red-social/app/Providers/AppServiceProvider.php
Parsing file:///home/jfvilladiego/proyectos_laravel/red-social/app/Providers/RouteServiceProvider.php
Parsing file:///home/jfvilladiego/proyectos_laravel/red-social/app/Exceptions/Handler.php
Parsing file:///home/jfvilladiego/proyectos_laravel/red-social/app/User.php
Parsing file:///home/jfvilladiego/proyectos_laravel/red-social/app/Console/Kernel.php
Parsing file:///home/jfvilladiego/proyectos_laravel/red-social/server.php
Parsing file:///home/jfvilladiego/proyectos_laravel/red-social/bootstrap/app.php
Parsing file:///home/jfvilladiego/proyectos_laravel/red-social/routes/api.php
Parsing file:///home/jfvilladiego/proyectos_laravel/red-social/routes/web.php
Parsing file:///home/jfvilladiego/proyectos_laravel/red-social/routes/console.php
Parsing file:///home/jfvilladiego/proyectos_laravel/red-social/routes/channels.php
Parsing file:///home/jfvilladiego/proyectos_laravel/red-social/tests/Feature/ExampleTest.php
Parsing file:///home/jfvilladiego/proyectos_laravel/red-social/tests/Unit/ExampleTest.php
Parsing file:///home/jfvilladiego/proyectos_laravel/red-social/tests/CreatesApplication.php
Parsing file:///home/jfvilladiego/proyectos_laravel/red-social/tests/TestCase.php
Parsing file:///home/jfvilladiego/proyectos_laravel/red-social/public/index.php
Parsing file:///home/jfvilladiego/proyectos_laravel/red-social/database/seeds/DatabaseSeeder.php
Parsing file:///home/jfvilladiego/proyectos_laravel/red-social/database/migrations/2014_10_12_000000_create_users_table.php
Parsing file:///home/jfvilladiego/proyectos_laravel/red-social/database/migrations/2014_10_12_100000_create_password_resets_table.php
Parsing file:///home/jfvilladiego/proyectos_laravel/red-social/database/factories/UserFactory.php
Parsing file:///home/jfvilladiego/proyectos_laravel/red-social/resources/lang/en/passwords.php
Parsing file:///home/jfvilladiego/proyectos_laravel/red-social/resources/lang/en/validation.php
Parsing file:///home/jfvilladiego/proyectos_laravel/red-social/resources/lang/en/auth.php
Parsing file:///home/jfvilladiego/proyectos_laravel/red-social/resources/lang/en/pagination.php
Parsing file:///home/jfvilladiego/proyectos_laravel/red-social/resources/views/welcome.blade.php
[Info  - 2:51:27 p. m.] Indexing project for dynamic references
Parsing file:///home/jfvilladiego/proyectos_laravel/red-social/config/broadcasting.php
Parsing file:///home/jfvilladiego/proyectos_laravel/red-social/config/queue.php
Parsing file:///home/jfvilladiego/proyectos_laravel/red-social/config/session.php
Parsing file:///home/jfvilladiego/proyectos_laravel/red-social/config/database.php
Parsing file:///home/jfvilladiego/proyectos_laravel/red-social/config/filesystems.php
Parsing file:///home/jfvilladiego/proyectos_laravel/red-social/config/logging.php
Parsing file:///home/jfvilladiego/proyectos_laravel/red-social/config/hashing.php
Parsing file:///home/jfvilladiego/proyectos_laravel/red-social/config/auth.php
Parsing file:///home/jfvilladiego/proyectos_laravel/red-social/config/app.php
Parsing file:///home/jfvilladiego/proyectos_laravel/red-social/config/services.php
Parsing file:///home/jfvilladiego/proyectos_laravel/red-social/config/mail.php
Parsing file:///home/jfvilladiego/proyectos_laravel/red-social/config/cache.php
Parsing file:///home/jfvilladiego/proyectos_laravel/red-social/config/view.php
Parsing file:///home/jfvilladiego/proyectos_laravel/red-social/app/Http/Kernel.php
Parsing file:///home/jfvilladiego/proyectos_laravel/red-social/app/Http/Middleware/CheckForMaintenanceMode.php
Parsing file:///home/jfvilladiego/proyectos_laravel/red-social/app/Http/Middleware/EncryptCookies.php
Parsing file:///home/jfvilladiego/proyectos_laravel/red-social/app/Http/Middleware/VerifyCsrfToken.php
Parsing file:///home/jfvilladiego/proyectos_laravel/red-social/app/Http/Middleware/RedirectIfAuthenticated.php
Parsing file:///home/jfvilladiego/proyectos_laravel/red-social/app/Http/Middleware/TrimStrings.php
Parsing file:///home/jfvilladiego/proyectos_laravel/red-social/app/Http/Middleware/TrustProxies.php
Parsing file:///home/jfvilladiego/proyectos_laravel/red-social/app/Http/Middleware/Authenticate.php
Parsing file:///home/jfvilladiego/proyectos_laravel/red-social/app/Http/Controllers/Auth/ResetPasswordController.php
Parsing file:///home/jfvilladiego/proyectos_laravel/red-social/app/Http/Controllers/Auth/VerificationController.php
Parsing file:///home/jfvilladiego/proyectos_laravel/red-social/app/Http/Controllers/Auth/RegisterController.php
Parsing file:///home/jfvilladiego/proyectos_laravel/red-social/app/Http/Controllers/Auth/ForgotPasswordController.php
Parsing file:///home/jfvilladiego/proyectos_laravel/red-social/app/Http/Controllers/Auth/LoginController.php
Parsing file:///home/jfvilladiego/proyectos_laravel/red-social/app/Http/Controllers/Controller.php
Parsing file:///home/jfvilladiego/proyectos_laravel/red-social/app/Providers/AuthServiceProvider.php
Parsing file:///home/jfvilladiego/proyectos_laravel/red-social/app/Providers/BroadcastServiceProvider.php
Parsing file:///home/jfvilladiego/proyectos_laravel/red-social/app/Providers/EventServiceProvider.php
Parsing file:///home/jfvilladiego/proyectos_laravel/red-social/app/Providers/AppServiceProvider.php
Parsing file:///home/jfvilladiego/proyectos_laravel/red-social/app/Providers/RouteServiceProvider.php
Parsing file:///home/jfvilladiego/proyectos_laravel/red-social/app/Exceptions/Handler.php
Parsing file:///home/jfvilladiego/proyectos_laravel/red-social/app/User.php
Parsing file:///home/jfvilladiego/proyectos_laravel/red-social/app/Console/Kernel.php
Parsing file:///home/jfvilladiego/proyectos_laravel/red-social/server.php
Parsing file:///home/jfvilladiego/proyectos_laravel/red-social/bootstrap/app.php
Parsing file:///home/jfvilladiego/proyectos_laravel/red-social/routes/api.php
Parsing file:///home/jfvilladiego/proyectos_laravel/red-social/routes/web.php
Parsing file:///home/jfvilladiego/proyectos_laravel/red-social/routes/console.php
Parsing file:///home/jfvilladiego/proyectos_laravel/red-social/routes/channels.php
Parsing file:///home/jfvilladiego/proyectos_laravel/red-social/tests/Feature/ExampleTest.php
Parsing file:///home/jfvilladiego/proyectos_laravel/red-social/tests/Unit/ExampleTest.php
Parsing file:///home/jfvilladiego/proyectos_laravel/red-social/tests/CreatesApplication.php
Parsing file:///home/jfvilladiego/proyectos_laravel/red-social/tests/TestCase.php
Parsing file:///home/jfvilladiego/proyectos_laravel/red-social/public/index.php
Parsing file:///home/jfvilladiego/proyectos_laravel/red-social/database/seeds/DatabaseSeeder.php
Parsing file:///home/jfvilladiego/proyectos_laravel/red-social/database/migrations/2014_10_12_000000_create_users_table.php
Parsing file:///home/jfvilladiego/proyectos_laravel/red-social/database/migrations/2014_10_12_100000_create_password_resets_table.php
Parsing file:///home/jfvilladiego/proyectos_laravel/red-social/database/factories/UserFactory.php
Parsing file:///home/jfvilladiego/proyectos_laravel/red-social/resources/lang/en/passwords.php
Parsing file:///home/jfvilladiego/proyectos_laravel/red-social/resources/lang/en/validation.php
Parsing file:///home/jfvilladiego/proyectos_laravel/red-social/resources/lang/en/auth.php
Parsing file:///home/jfvilladiego/proyectos_laravel/red-social/resources/lang/en/pagination.php
Parsing file:///home/jfvilladiego/proyectos_laravel/red-social/resources/views/welcome.blade.php
[Info  - 2:51:27 p. m.] 0 Packages
[Info  - 2:51:27 p. m.] All 55 PHP files parsed in 1 seconds. 140 MiB allocated.
