[2018-10-02 12:18:06.470] [exthost1] [info] extension host started
[2018-10-02 12:18:06.845] [exthost1] [info] ExtensionService#_doActivateExtension vscode.debug-auto-launch {"startup":true,"activationEvent":"*"}
[2018-10-02 12:18:06.845] [exthost1] [info] ExtensionService#loadCommonJSModule /usr/share/code/resources/app/extensions/debug-auto-launch/out/extension
[2018-10-02 12:18:07.067] [exthost1] [info] ExtensionService#_doActivateExtension vscode.emmet {"startup":true,"activationEvent":"*"}
[2018-10-02 12:18:07.067] [exthost1] [info] ExtensionService#loadCommonJSModule /usr/share/code/resources/app/extensions/emmet/dist/extension
[2018-10-02 12:18:07.299] [exthost1] [info] ExtensionService#_doActivateExtension vscode.git {"startup":true,"activationEvent":"*"}
[2018-10-02 12:18:07.299] [exthost1] [info] ExtensionService#loadCommonJSModule /usr/share/code/resources/app/extensions/git/dist/main
[2018-10-02 12:18:13.132] [exthost1] [info] ExtensionService#_doActivateExtension vscode.merge-conflict {"startup":true,"activationEvent":"*"}
[2018-10-02 12:18:13.132] [exthost1] [info] ExtensionService#loadCommonJSModule /usr/share/code/resources/app/extensions/merge-conflict/out/extension
[2018-10-02 12:18:14.066] [exthost1] [info] ExtensionService#_doActivateExtension vscode.search-rg {"startup":true,"activationEvent":"*"}
[2018-10-02 12:18:14.066] [exthost1] [info] ExtensionService#loadCommonJSModule /usr/share/code/resources/app/extensions/search-rg/out/extension
[2018-10-02 12:18:14.228] [exthost1] [info] ExtensionService#_doActivateExtension christian-kohler.path-intellisense {"startup":true,"activationEvent":"*"}
[2018-10-02 12:18:14.228] [exthost1] [info] ExtensionService#loadCommonJSModule /home/jfvilladiego/.vscode/extensions/christian-kohler.path-intellisense-1.4.2/out/src/extension
[2018-10-02 12:18:14.676] [exthost1] [info] ExtensionService#_doActivateExtension dariofuzinato.vue-peek {"startup":true,"activationEvent":"*"}
[2018-10-02 12:18:14.676] [exthost1] [info] ExtensionService#loadCommonJSModule /home/jfvilladiego/.vscode/extensions/dariofuzinato.vue-peek-1.0.2/out/src/extension
[2018-10-02 12:18:14.712] [exthost1] [info] ExtensionService#_doActivateExtension dbaeumer.vscode-eslint {"startup":true,"activationEvent":"*"}
[2018-10-02 12:18:14.712] [exthost1] [info] ExtensionService#loadCommonJSModule /home/jfvilladiego/.vscode/extensions/dbaeumer.vscode-eslint-1.6.0/client/out/extension
[2018-10-02 12:18:15.432] [exthost1] [info] ExtensionService#_doActivateExtension esbenp.prettier-vscode {"startup":true,"activationEvent":"*"}
[2018-10-02 12:18:15.432] [exthost1] [info] ExtensionService#loadCommonJSModule /home/jfvilladiego/.vscode/extensions/esbenp.prettier-vscode-1.6.1/out/src/extension
[2018-10-02 12:18:16.069] [exthost1] [info] ExtensionService#_doActivateExtension formulahendry.auto-close-tag {"startup":true,"activationEvent":"*"}
[2018-10-02 12:18:16.069] [exthost1] [info] ExtensionService#loadCommonJSModule /home/jfvilladiego/.vscode/extensions/formulahendry.auto-close-tag-0.5.6/out/src/extension
[2018-10-02 12:18:16.094] [exthost1] [info] ExtensionService#_doActivateExtension formulahendry.auto-rename-tag {"startup":true,"activationEvent":"*"}
[2018-10-02 12:18:16.094] [exthost1] [info] ExtensionService#loadCommonJSModule /home/jfvilladiego/.vscode/extensions/formulahendry.auto-rename-tag-0.0.15/out/src/extension
[2018-10-02 12:18:16.127] [exthost1] [info] ExtensionService#_doActivateExtension formulahendry.terminal {"startup":true,"activationEvent":"*"}
[2018-10-02 12:18:16.127] [exthost1] [info] ExtensionService#loadCommonJSModule /home/jfvilladiego/.vscode/extensions/formulahendry.terminal-0.0.10/out/src/extension
[2018-10-02 12:18:16.217] [exthost1] [info] ExtensionService#_doActivateExtension HookyQR.beautify {"startup":true,"activationEvent":"*"}
[2018-10-02 12:18:16.217] [exthost1] [info] ExtensionService#loadCommonJSModule /home/jfvilladiego/.vscode/extensions/hookyqr.beautify-1.4.4/extension
[2018-10-02 12:18:16.785] [exthost1] [info] ExtensionService#_doActivateExtension michelemelluso.code-beautifier {"startup":true,"activationEvent":"*"}
[2018-10-02 12:18:16.785] [exthost1] [info] ExtensionService#loadCommonJSModule /home/jfvilladiego/.vscode/extensions/michelemelluso.code-beautifier-2.1.0/out/src/extension
[2018-10-02 12:18:16.833] [exthost1] [info] ExtensionService#_doActivateExtension ms-vscode.atom-keybindings {"startup":true,"activationEvent":"*"}
[2018-10-02 12:18:16.833] [exthost1] [info] ExtensionService#loadCommonJSModule /home/jfvilladiego/.vscode/extensions/ms-vscode.atom-keybindings-3.0.4/extension
[2018-10-02 12:18:16.843] [exthost1] [info] ExtensionService#_doActivateExtension ms-vsliveshare.vsliveshare {"startup":true,"activationEvent":"*"}
[2018-10-02 12:18:16.843] [exthost1] [info] ExtensionService#loadCommonJSModule /home/jfvilladiego/.vscode/extensions/ms-vsliveshare.vsliveshare-0.3.735/out/src/extension
[2018-10-02 12:18:20.356] [exthost1] [info] ExtensionService#_doActivateExtension PKief.material-icon-theme {"startup":true,"activationEvent":"*"}
[2018-10-02 12:18:20.356] [exthost1] [info] ExtensionService#loadCommonJSModule /home/jfvilladiego/.vscode/extensions/pkief.material-icon-theme-3.6.0/out/src/extension
[2018-10-02 12:18:21.186] [exthost1] [info] ExtensionService#_doActivateExtension tombonnike.vscode-status-bar-format-toggle {"startup":true,"activationEvent":"*"}
[2018-10-02 12:18:21.186] [exthost1] [info] ExtensionService#loadCommonJSModule /home/jfvilladiego/.vscode/extensions/tombonnike.vscode-status-bar-format-toggle-1.4.0/out/src/extension
[2018-10-02 12:18:21.309] [exthost1] [info] ExtensionService#_doActivateExtension vincaslt.highlight-matching-tag {"startup":true,"activationEvent":"*"}
[2018-10-02 12:18:21.309] [exthost1] [info] ExtensionService#loadCommonJSModule /home/jfvilladiego/.vscode/extensions/vincaslt.highlight-matching-tag-0.4.4/out/src/extension
[2018-10-02 12:18:21.345] [exthost1] [info] ExtensionService#_doActivateExtension vortizhe.simple-ruby-erb {"startup":true,"activationEvent":"*"}
[2018-10-02 12:18:21.346] [exthost1] [info] ExtensionService#loadCommonJSModule /home/jfvilladiego/.vscode/extensions/vortizhe.simple-ruby-erb-0.2.1/ruby_erb.js
[2018-10-02 12:18:21.362] [exthost1] [info] ExtensionService#_doActivateExtension Zignd.html-css-class-completion {"startup":true,"activationEvent":"*"}
[2018-10-02 12:18:21.362] [exthost1] [info] ExtensionService#loadCommonJSModule /home/jfvilladiego/.vscode/extensions/zignd.html-css-class-completion-1.17.1/out/src/extension
[2018-10-02 12:18:22.331] [exthost1] [info] ExtensionService#_doActivateExtension vscode.php-language-features {"startup":false,"activationEvent":"onLanguage:php"}
[2018-10-02 12:18:22.331] [exthost1] [info] ExtensionService#loadCommonJSModule /usr/share/code/resources/app/extensions/php-language-features/out/phpMain
[2018-10-02 12:18:22.398] [exthost1] [info] ExtensionService#_doActivateExtension ecmel.vscode-html-css {"startup":false,"activationEvent":"onLanguage:php"}
[2018-10-02 12:18:22.398] [exthost1] [info] ExtensionService#loadCommonJSModule /home/jfvilladiego/.vscode/extensions/ecmel.vscode-html-css-0.2.0/out/src/extension
[2018-10-02 12:18:22.920] [exthost1] [info] ExtensionService#_doActivateExtension felixfbecker.php-intellisense {"startup":false,"activationEvent":"onLanguage:php"}
[2018-10-02 12:18:22.920] [exthost1] [info] ExtensionService#loadCommonJSModule /home/jfvilladiego/.vscode/extensions/felixfbecker.php-intellisense-2.3.5/out/extension
[2018-10-02 12:18:28.758] [exthost1] [info] eager extensions activated
[2018-10-02 12:24:10.216] [exthost1] [info] ExtensionService#_doActivateExtension onecentlin.laravel-blade {"startup":false,"activationEvent":"onLanguage:blade"}
[2018-10-02 12:24:10.216] [exthost1] [info] ExtensionService#loadCommonJSModule /home/jfvilladiego/.vscode/extensions/onecentlin.laravel-blade-1.18.0/out/src/extension
