[2018-10-01 10:48:27.346] [renderer1] [info] no standard startup: not just one text editor
[2018-10-01 10:50:21.042] [renderer1] [error] spawn git EMFILE: Error: spawn git EMFILE
    at _errnoException (util.js:1024:11)
    at Process.ChildProcess._handle.onexit (internal/child_process.js:190:19)
    at onErrorNT (internal/child_process.js:372:16)
    at _combinedTickCallback (internal/process/next_tick.js:138:11)
    at process._tickCallback (internal/process/next_tick.js:180:9)
[2018-10-01 10:50:21.047] [renderer1] [error] spawn git EMFILE: Error: spawn git EMFILE
    at _errnoException (util.js:1024:11)
    at Process.ChildProcess._handle.onexit (internal/child_process.js:190:19)
    at onErrorNT (internal/child_process.js:372:16)
    at _combinedTickCallback (internal/process/next_tick.js:138:11)
    at Immediate._tickCallback [as _onImmediate] (internal/process/next_tick.js:180:9)
    at runCallback (timers.js:789:20)
    at tryOnImmediate (timers.js:751:5)
    at processImmediate [as _immediateCallback] (timers.js:722:5)
[2018-10-01 11:43:05.867] [renderer1] [info] no standard startup: not a new window
[2018-10-01 14:27:31.421] [renderer1] [error] Cannot read property 'opening' of null: TypeError: Cannot read property 'opening' of null
    at getClosingTag (/home/jfvilladiego/.vscode/extensions/vincaslt.highlight-matching-tag-0.4.4/out/src/extension.js:61:35)
    at findClosingTag (/home/jfvilladiego/.vscode/extensions/vincaslt.highlight-matching-tag-0.4.4/out/src/extension.js:67:46)
    at findCurrentTag (/home/jfvilladiego/.vscode/extensions/vincaslt.highlight-matching-tag-0.4.4/out/src/extension.js:87:16)
    at vscode.window.onDidChangeTextEditorSelection (/home/jfvilladiego/.vscode/extensions/vincaslt.highlight-matching-tag-0.4.4/out/src/extension.js:134:28)
    at e.fire (/usr/share/code/resources/app/out/vs/workbench/node/extensionHostProcess.js:99:917)
    at e.$acceptEditorPropertiesChanged (/usr/share/code/resources/app/out/vs/workbench/node/extensionHostProcess.js:788:569)
    at e._doInvokeHandler (/usr/share/code/resources/app/out/vs/workbench/node/extensionHostProcess.js:681:309)
    at e._invokeHandler (/usr/share/code/resources/app/out/vs/workbench/node/extensionHostProcess.js:681:27)
    at e._receiveRequest (/usr/share/code/resources/app/out/vs/workbench/node/extensionHostProcess.js:679:802)
    at e._receiveOneMessage (/usr/share/code/resources/app/out/vs/workbench/node/extensionHostProcess.js:678:993)
    at /usr/share/code/resources/app/out/vs/workbench/node/extensionHostProcess.js:677:791
    at /usr/share/code/resources/app/out/vs/workbench/node/extensionHostProcess.js:98:597
    at e.fire (/usr/share/code/resources/app/out/vs/workbench/node/extensionHostProcess.js:99:917)
    at a (/usr/share/code/resources/app/out/vs/workbench/node/extensionHostProcess.js:164:787)
    at Socket._socketDataListener (/usr/share/code/resources/app/out/vs/workbench/node/extensionHostProcess.js:164:1006)
    at emitOne (events.js:116:13)
    at Socket.emit (events.js:211:7)
    at addChunk (_stream_readable.js:263:12)
    at readableAddChunk (_stream_readable.js:250:11)
    at Socket.Readable.push (_stream_readable.js:208:10)
    at Pipe.onread (net.js:594:20)
[2018-10-01 14:27:38.526] [renderer1] [error] Cannot read property 'opening' of null: TypeError: Cannot read property 'opening' of null
    at getClosingTag (/home/jfvilladiego/.vscode/extensions/vincaslt.highlight-matching-tag-0.4.4/out/src/extension.js:61:35)
    at findClosingTag (/home/jfvilladiego/.vscode/extensions/vincaslt.highlight-matching-tag-0.4.4/out/src/extension.js:67:46)
    at findCurrentTag (/home/jfvilladiego/.vscode/extensions/vincaslt.highlight-matching-tag-0.4.4/out/src/extension.js:87:16)
    at vscode.window.onDidChangeTextEditorSelection (/home/jfvilladiego/.vscode/extensions/vincaslt.highlight-matching-tag-0.4.4/out/src/extension.js:134:28)
    at e.fire (/usr/share/code/resources/app/out/vs/workbench/node/extensionHostProcess.js:99:917)
    at e.$acceptEditorPropertiesChanged (/usr/share/code/resources/app/out/vs/workbench/node/extensionHostProcess.js:788:569)
    at e._doInvokeHandler (/usr/share/code/resources/app/out/vs/workbench/node/extensionHostProcess.js:681:309)
    at e._invokeHandler (/usr/share/code/resources/app/out/vs/workbench/node/extensionHostProcess.js:681:27)
    at e._receiveRequest (/usr/share/code/resources/app/out/vs/workbench/node/extensionHostProcess.js:679:802)
    at e._receiveOneMessage (/usr/share/code/resources/app/out/vs/workbench/node/extensionHostProcess.js:678:993)
    at /usr/share/code/resources/app/out/vs/workbench/node/extensionHostProcess.js:677:791
    at /usr/share/code/resources/app/out/vs/workbench/node/extensionHostProcess.js:98:597
    at e.fire (/usr/share/code/resources/app/out/vs/workbench/node/extensionHostProcess.js:99:917)
    at a (/usr/share/code/resources/app/out/vs/workbench/node/extensionHostProcess.js:164:787)
    at Socket._socketDataListener (/usr/share/code/resources/app/out/vs/workbench/node/extensionHostProcess.js:164:1006)
    at emitOne (events.js:116:13)
    at Socket.emit (events.js:211:7)
    at addChunk (_stream_readable.js:263:12)
    at readableAddChunk (_stream_readable.js:250:11)
    at Socket.Readable.push (_stream_readable.js:208:10)
    at Pipe.onread (net.js:594:20)
