[2018-10-01 10:48:27.919] [sharedprocess] [info] main {"machineId":"f391cf1e128c7a12d3142ae132058c63ccf9378c9f15b95c65e7378ea4f5de92"}
[2018-10-01 10:48:32.464] [sharedprocess] [info] Scanned user extensions: 32
[2018-10-01 10:48:32.676] [sharedprocess] [info] Scanned system extensions: 71
[2018-10-01 10:48:37.535] [sharedprocess] [info] Scanned user extensions: 32
[2018-10-01 10:48:37.541] [sharedprocess] [info] Scanned user extensions: 32
[2018-10-01 10:48:37.543] [sharedprocess] [info] Scanned user extensions: 32
[2018-10-01 10:48:37.577] [sharedprocess] [info] Scanned user extensions: 32
[2018-10-01 10:48:38.657] [sharedprocess] [info] Scanned system extensions: 71
[2018-10-01 10:48:38.663] [sharedprocess] [info] Scanned system extensions: 71
[2018-10-01 10:48:38.669] [sharedprocess] [info] Scanned system extensions: 71
[2018-10-01 10:48:38.676] [sharedprocess] [info] Scanned user extensions: 32
[2018-10-01 10:49:07.929] [sharedprocess] [info] Starting to clean up unused language packs.
[2018-10-01 10:53:38.949] [sharedprocess] [info] Scanned user extensions: 32
[2018-10-01 10:58:39.059] [sharedprocess] [info] Scanned user extensions: 32
[2018-10-01 11:03:39.101] [sharedprocess] [info] Scanned user extensions: 32
[2018-10-01 11:08:39.161] [sharedprocess] [info] Scanned user extensions: 32
[2018-10-01 11:13:39.203] [sharedprocess] [info] Scanned user extensions: 32
[2018-10-01 11:18:39.245] [sharedprocess] [info] Scanned user extensions: 32
[2018-10-01 11:23:39.315] [sharedprocess] [info] Scanned user extensions: 32
[2018-10-01 11:28:39.383] [sharedprocess] [info] Scanned user extensions: 32
[2018-10-01 11:33:39.426] [sharedprocess] [info] Scanned user extensions: 32
[2018-10-01 11:38:22.068] [sharedprocess] [info] Scanned user extensions: 32
[2018-10-01 11:38:22.885] [sharedprocess] [info] Scanned system extensions: 71
[2018-10-01 11:38:39.472] [sharedprocess] [info] Scanned user extensions: 32
[2018-10-01 11:41:15.001] [sharedprocess] [info] Scanned user extensions: 32
[2018-10-01 11:41:16.017] [sharedprocess] [info] Scanned user extensions: 32
[2018-10-01 11:41:16.019] [sharedprocess] [info] Scanned user extensions: 32
[2018-10-01 11:41:16.027] [sharedprocess] [info] Scanned user extensions: 32
[2018-10-01 11:41:16.472] [sharedprocess] [info] Scanned system extensions: 71
[2018-10-01 11:41:16.480] [sharedprocess] [info] Scanned system extensions: 71
[2018-10-01 11:41:16.486] [sharedprocess] [info] Scanned system extensions: 71
[2018-10-01 11:41:36.166] [sharedprocess] [info] Installing extension: vuejs-extension-pack
[2018-10-01 11:41:36.194] [sharedprocess] [info] Scanned user extensions: 32
[2018-10-01 11:41:36.799] [sharedprocess] [info] Downloaded extension: vuejs-extension-pack /tmp/27e19d04-0f77-4ae7-89f4-09b7b9c00abc
[2018-10-01 11:41:37.031] [sharedprocess] [info] Extracted extension to /home/jfvilladiego/.vscode/extensions/.mubaidr.vuejs-extension-pack-1.1.3: mubaidr.vuejs-extension-pack-1.1.3
[2018-10-01 11:41:37.079] [sharedprocess] [info] Renamed to /home/jfvilladiego/.vscode/extensions/mubaidr.vuejs-extension-pack-1.1.3
[2018-10-01 11:41:37.079] [sharedprocess] [info] Installation completed. mubaidr.vuejs-extension-pack-1.1.3
[2018-10-01 11:41:37.181] [sharedprocess] [info] Scanned user extensions: 33
[2018-10-01 11:41:37.193] [sharedprocess] [info] Scanned system extensions: 71
[2018-10-01 11:41:37.357] [sharedprocess] [info] Installing extension: vetur
[2018-10-01 11:41:37.358] [sharedprocess] [info] Installing extension: prettier-vscode
[2018-10-01 11:41:37.358] [sharedprocess] [info] Installing extension: auto-close-tag
[2018-10-01 11:41:37.359] [sharedprocess] [info] Installing extension: auto-rename-tag
[2018-10-01 11:41:37.360] [sharedprocess] [info] Installing extension: vscode-status-bar-format-toggle
[2018-10-01 11:41:37.361] [sharedprocess] [info] Installing extension: vue-peek
[2018-10-01 11:41:37.531] [sharedprocess] [info] Scanned user extensions: 33
[2018-10-01 11:41:37.535] [sharedprocess] [info] Scanned user extensions: 33
[2018-10-01 11:41:37.539] [sharedprocess] [info] Scanned user extensions: 33
[2018-10-01 11:41:37.542] [sharedprocess] [info] Scanned user extensions: 33
[2018-10-01 11:41:37.544] [sharedprocess] [info] Scanned user extensions: 33
[2018-10-01 11:41:37.550] [sharedprocess] [info] Scanned user extensions: 33
[2018-10-01 11:41:37.811] [sharedprocess] [info] Downloaded extension: auto-rename-tag /tmp/1ff749f0-7230-41a9-b105-d2fdcd3e8786
[2018-10-01 11:41:37.955] [sharedprocess] [info] Extracted extension to /home/jfvilladiego/.vscode/extensions/.formulahendry.auto-rename-tag-0.0.15: formulahendry.auto-rename-tag-0.0.15
[2018-10-01 11:41:37.956] [sharedprocess] [info] Renamed to /home/jfvilladiego/.vscode/extensions/formulahendry.auto-rename-tag-0.0.15
[2018-10-01 11:41:37.956] [sharedprocess] [info] Installation completed. formulahendry.auto-rename-tag-0.0.15
[2018-10-01 11:41:38.204] [sharedprocess] [info] Extensions installed successfully: formulahendry.auto-rename-tag
[2018-10-01 11:41:38.261] [sharedprocess] [info] Downloaded extension: auto-close-tag /tmp/b2ae0c5f-6412-4c82-ab24-a6b2530cf9f5
[2018-10-01 11:41:38.325] [sharedprocess] [info] Extracted extension to /home/jfvilladiego/.vscode/extensions/.formulahendry.auto-close-tag-0.5.6: formulahendry.auto-close-tag-0.5.6
[2018-10-01 11:41:38.326] [sharedprocess] [info] Renamed to /home/jfvilladiego/.vscode/extensions/formulahendry.auto-close-tag-0.5.6
[2018-10-01 11:41:38.326] [sharedprocess] [info] Installation completed. formulahendry.auto-close-tag-0.5.6
[2018-10-01 11:41:38.374] [sharedprocess] [info] Scanned user extensions: 35
[2018-10-01 11:41:38.391] [sharedprocess] [info] Scanned system extensions: 71
[2018-10-01 11:41:38.400] [sharedprocess] [info] Extensions installed successfully: formulahendry.auto-close-tag
[2018-10-01 11:41:38.532] [sharedprocess] [info] Downloaded extension: vue-peek /tmp/755950aa-decb-4a07-a281-8095722261e3
[2018-10-01 11:41:38.589] [sharedprocess] [info] Scanned user extensions: 35
[2018-10-01 11:41:38.613] [sharedprocess] [info] Scanned system extensions: 71
[2018-10-01 11:41:38.641] [sharedprocess] [info] Extracted extension to /home/jfvilladiego/.vscode/extensions/.dariofuzinato.vue-peek-1.0.2: dariofuzinato.vue-peek-1.0.2
[2018-10-01 11:41:38.642] [sharedprocess] [info] Renamed to /home/jfvilladiego/.vscode/extensions/dariofuzinato.vue-peek-1.0.2
[2018-10-01 11:41:38.642] [sharedprocess] [info] Installation completed. dariofuzinato.vue-peek-1.0.2
[2018-10-01 11:41:38.686] [sharedprocess] [info] Extensions installed successfully: dariofuzinato.vue-peek
[2018-10-01 11:41:38.908] [sharedprocess] [info] Scanned user extensions: 36
[2018-10-01 11:41:38.923] [sharedprocess] [info] Scanned system extensions: 71
[2018-10-01 11:41:44.721] [sharedprocess] [info] Downloaded extension: vscode-status-bar-format-toggle /tmp/b02bdd5f-1471-4bec-aa74-faeb5eb57fe2
[2018-10-01 11:41:52.356] [sharedprocess] [info] Extracted extension to /home/jfvilladiego/.vscode/extensions/.tombonnike.vscode-status-bar-format-toggle-1.4.0: tombonnike.vscode-status-bar-format-toggle-1.4.0
[2018-10-01 11:41:52.356] [sharedprocess] [info] Renamed to /home/jfvilladiego/.vscode/extensions/tombonnike.vscode-status-bar-format-toggle-1.4.0
[2018-10-01 11:41:52.356] [sharedprocess] [info] Installation completed. tombonnike.vscode-status-bar-format-toggle-1.4.0
[2018-10-01 11:41:53.796] [sharedprocess] [info] Downloaded extension: prettier-vscode /tmp/9fcd7695-c54d-4277-b872-2847ac40dacd
[2018-10-01 11:41:54.480] [sharedprocess] [info] Extensions installed successfully: tombonnike.vscode-status-bar-format-toggle
[2018-10-01 11:41:54.646] [sharedprocess] [info] Scanned system extensions: 71
[2018-10-01 11:41:54.732] [sharedprocess] [info] Scanned user extensions: 37
[2018-10-01 11:41:57.234] [sharedprocess] [info] Downloaded extension: vetur /tmp/fe9e8aa8-98de-4d3d-b614-b11a6918329c
[2018-10-01 11:42:07.988] [sharedprocess] [info] Extracted extension to /home/jfvilladiego/.vscode/extensions/.esbenp.prettier-vscode-1.6.1: esbenp.prettier-vscode-1.6.1
[2018-10-01 11:42:07.988] [sharedprocess] [info] Renamed to /home/jfvilladiego/.vscode/extensions/esbenp.prettier-vscode-1.6.1
[2018-10-01 11:42:07.988] [sharedprocess] [info] Installation completed. esbenp.prettier-vscode-1.6.1
[2018-10-01 11:42:11.255] [sharedprocess] [info] Extensions installed successfully: esbenp.prettier-vscode
[2018-10-01 11:42:11.405] [sharedprocess] [info] Scanned system extensions: 71
[2018-10-01 11:42:11.687] [sharedprocess] [info] Scanned user extensions: 38
[2018-10-01 11:42:26.821] [sharedprocess] [info] Extracted extension to /home/jfvilladiego/.vscode/extensions/.octref.vetur-0.12.7: octref.vetur-0.12.7
[2018-10-01 11:42:26.822] [sharedprocess] [info] Renamed to /home/jfvilladiego/.vscode/extensions/octref.vetur-0.12.7
[2018-10-01 11:42:26.822] [sharedprocess] [info] Installation completed. octref.vetur-0.12.7
[2018-10-01 11:42:27.772] [sharedprocess] [info] Extensions installed successfully: octref.vetur
[2018-10-01 11:42:27.775] [sharedprocess] [info] Extensions installed successfully: mubaidr.vuejs-extension-pack
[2018-10-01 11:42:28.040] [sharedprocess] [info] Scanned user extensions: 39
[2018-10-01 11:42:28.044] [sharedprocess] [info] Scanned user extensions: 39
[2018-10-01 11:42:28.079] [sharedprocess] [info] Scanned system extensions: 71
[2018-10-01 11:42:28.085] [sharedprocess] [info] Scanned system extensions: 71
[2018-10-01 11:43:05.592] [sharedprocess] [info] Scanned user extensions: 39
[2018-10-01 11:43:05.598] [sharedprocess] [info] Scanned user extensions: 39
[2018-10-01 11:43:05.611] [sharedprocess] [info] Scanned user extensions: 39
[2018-10-01 11:43:05.620] [sharedprocess] [info] Scanned user extensions: 39
[2018-10-01 11:43:05.629] [sharedprocess] [info] Scanned user extensions: 39
[2018-10-01 11:43:05.632] [sharedprocess] [info] Scanned user extensions: 39
[2018-10-01 11:43:05.706] [sharedprocess] [info] Scanned system extensions: 71
[2018-10-01 11:43:05.719] [sharedprocess] [info] Scanned system extensions: 71
[2018-10-01 11:43:05.727] [sharedprocess] [info] Scanned system extensions: 71
[2018-10-01 11:43:05.733] [sharedprocess] [info] Scanned system extensions: 71
[2018-10-01 11:43:05.967] [sharedprocess] [info] Scanned user extensions: 39
[2018-10-01 11:43:05.982] [sharedprocess] [info] Scanned system extensions: 71
[2018-10-01 11:43:09.307] [sharedprocess] [info] Scanned user extensions: 39
[2018-10-01 11:48:09.368] [sharedprocess] [info] Scanned user extensions: 39
[2018-10-01 11:53:09.440] [sharedprocess] [info] Scanned user extensions: 39
[2018-10-01 11:58:09.496] [sharedprocess] [info] Scanned user extensions: 39
[2018-10-01 12:03:09.541] [sharedprocess] [info] Scanned user extensions: 39
[2018-10-01 12:08:09.592] [sharedprocess] [info] Scanned user extensions: 39
[2018-10-01 12:13:09.637] [sharedprocess] [info] Scanned user extensions: 39
[2018-10-01 12:18:09.691] [sharedprocess] [info] Scanned user extensions: 39
[2018-10-01 12:23:09.751] [sharedprocess] [info] Scanned user extensions: 39
[2018-10-01 12:28:09.805] [sharedprocess] [info] Scanned user extensions: 39
